<?xml version="1.0" encoding="UTF-8"?>
<coverage generated="1646912754824" clover="3.2.0">
  <project timestamp="1646912754824" name="All files">
    <metrics statements="20" coveredstatements="20" conditionals="4" coveredconditionals="4" methods="5" coveredmethods="5" elements="29" coveredelements="29" complexity="0" loc="20" ncloc="20" packages="1" files="1" classes="1"/>
    <file name="LinkedList.js" path="/Users/UmairAslam/Desktop/Code Experiments/linkedlist-tdd/LinkedList.js">
      <metrics statements="20" coveredstatements="20" conditionals="4" coveredconditionals="4" methods="5" coveredmethods="5"/>
      <line num="3" count="5" type="stmt"/>
      <line num="4" count="5" type="stmt"/>
      <line num="7" count="12" type="stmt"/>
      <line num="8" count="12" type="stmt"/>
      <line num="9" count="12" type="stmt"/>
      <line num="12" count="4" type="cond" truecount="4" falsecount="0"/>
      <line num="13" count="2" type="stmt"/>
      <line num="15" count="2" type="stmt"/>
      <line num="16" count="2" type="stmt"/>
      <line num="17" count="2" type="stmt"/>
      <line num="18" count="2" type="stmt"/>
      <line num="20" count="2" type="stmt"/>
      <line num="25" count="12" type="stmt"/>
      <line num="26" count="12" type="stmt"/>
      <line num="29" count="1" type="stmt"/>
      <line num="30" count="4" type="stmt"/>
      <line num="31" count="4" type="stmt"/>
      <line num="32" count="10" type="stmt"/>
      <line num="34" count="4" type="stmt"/>
      <line num="36" count="1" type="stmt"/>
    </file>
  </project>
</coverage>
