{"/Users/UmairAslam/Desktop/Code Experiments/linkedlist-tdd/LinkedList.js": {"path":"/Users/UmairAslam/Desktop/Code Experiments/linkedlist-tdd/LinkedList.js","statementMap":{"0":{"start":{"line":3,"column":4},"end":{"line":3,"column":21}},"1":{"start":{"line":4,"column":4},"end":{"line":4,"column":20}},"2":{"start":{"line":7,"column":20},"end":{"line":7,"column":55}},"3":{"start":{"line":8,"column":4},"end":{"line":8,"column":24}},"4":{"start":{"line":9,"column":4},"end":{"line":9,"column":18}},"5":{"start":{"line":12,"column":4},"end":{"line":14,"column":5}},"6":{"start":{"line":13,"column":6},"end":{"line":13,"column":18}},"7":{"start":{"line":15,"column":18},"end":{"line":15,"column":27}},"8":{"start":{"line":16,"column":4},"end":{"line":18,"column":5}},"9":{"start":{"line":16,"column":17},"end":{"line":16,"column":18}},"10":{"start":{"line":17,"column":6},"end":{"line":17,"column":29}},"11":{"start":{"line":19,"column":4},"end":{"line":19,"column":19}},"12":{"start":{"line":22,"column":4},"end":{"line":22,"column":52}},"13":{"start":{"line":22,"column":20},"end":{"line":22,"column":52}},"14":{"start":{"line":23,"column":17},"end":{"line":23,"column":43}},"15":{"start":{"line":24,"column":4},"end":{"line":24,"column":34}},"16":{"start":{"line":24,"column":22},"end":{"line":24,"column":34}},"17":{"start":{"line":25,"column":4},"end":{"line":25,"column":53}},"18":{"start":{"line":26,"column":4},"end":{"line":26,"column":18}},"19":{"start":{"line":29,"column":17},"end":{"line":29,"column":19}},"20":{"start":{"line":30,"column":18},"end":{"line":30,"column":27}},"21":{"start":{"line":31,"column":4},"end":{"line":34,"column":5}},"22":{"start":{"line":32,"column":6},"end":{"line":32,"column":45}},"23":{"start":{"line":33,"column":6},"end":{"line":33,"column":29}},"24":{"start":{"line":35,"column":4},"end":{"line":35,"column":33}},"25":{"start":{"line":40,"column":4},"end":{"line":40,"column":23}},"26":{"start":{"line":41,"column":4},"end":{"line":41,"column":21}},"27":{"start":{"line":44,"column":0},"end":{"line":50,"column":2}},"28":{"start":{"line":45,"column":13},"end":{"line":45,"column":29}},"29":{"start":{"line":46,"column":2},"end":{"line":48,"column":3}},"30":{"start":{"line":46,"column":15},"end":{"line":46,"column":32}},"31":{"start":{"line":47,"column":4},"end":{"line":47,"column":31}},"32":{"start":{"line":49,"column":2},"end":{"line":49,"column":12}},"33":{"start":{"line":51,"column":0},"end":{"line":51,"column":28}}},"fnMap":{"0":{"name":"(anonymous_0)","decl":{"start":{"line":2,"column":2},"end":{"line":2,"column":3}},"loc":{"start":{"line":2,"column":16},"end":{"line":5,"column":3}},"line":2},"1":{"name":"(anonymous_1)","decl":{"start":{"line":6,"column":2},"end":{"line":6,"column":3}},"loc":{"start":{"line":6,"column":21},"end":{"line":10,"column":3}},"line":6},"2":{"name":"(anonymous_2)","decl":{"start":{"line":11,"column":2},"end":{"line":11,"column":3}},"loc":{"start":{"line":11,"column":20},"end":{"line":20,"column":3}},"line":11},"3":{"name":"(anonymous_3)","decl":{"start":{"line":21,"column":2},"end":{"line":21,"column":3}},"loc":{"start":{"line":21,"column":30},"end":{"line":27,"column":3}},"line":21},"4":{"name":"(anonymous_4)","decl":{"start":{"line":28,"column":2},"end":{"line":28,"column":3}},"loc":{"start":{"line":28,"column":10},"end":{"line":36,"column":3}},"line":28},"5":{"name":"(anonymous_5)","decl":{"start":{"line":39,"column":2},"end":{"line":39,"column":3}},"loc":{"start":{"line":39,"column":27},"end":{"line":42,"column":3}},"line":39},"6":{"name":"(anonymous_6)","decl":{"start":{"line":44,"column":24},"end":{"line":44,"column":25}},"loc":{"start":{"line":44,"column":45},"end":{"line":50,"column":1}},"line":44}},"branchMap":{"0":{"loc":{"start":{"line":12,"column":4},"end":{"line":14,"column":5}},"type":"if","locations":[{"start":{"line":12,"column":4},"end":{"line":14,"column":5}},{"start":{},"end":{}}],"line":12},"1":{"loc":{"start":{"line":12,"column":8},"end":{"line":12,"column":41}},"type":"binary-expr","locations":[{"start":{"line":12,"column":8},"end":{"line":12,"column":17}},{"start":{"line":12,"column":21},"end":{"line":12,"column":41}}],"line":12},"2":{"loc":{"start":{"line":22,"column":4},"end":{"line":22,"column":52}},"type":"if","locations":[{"start":{"line":22,"column":4},"end":{"line":22,"column":52}},{"start":{},"end":{}}],"line":22},"3":{"loc":{"start":{"line":24,"column":4},"end":{"line":24,"column":34}},"type":"if","locations":[{"start":{"line":24,"column":4},"end":{"line":24,"column":34}},{"start":{},"end":{}}],"line":24}},"s":{"0":9,"1":9,"2":23,"3":23,"4":23,"5":8,"6":4,"7":4,"8":4,"9":4,"10":5,"11":4,"12":4,"13":1,"14":3,"15":3,"16":2,"17":1,"18":1,"19":0,"20":0,"21":0,"22":0,"23":0,"24":0,"25":24,"26":24,"27":1,"28":8,"29":8,"30":8,"31":20,"32":8,"33":1},"f":{"0":9,"1":23,"2":8,"3":4,"4":0,"5":24,"6":8},"b":{"0":[4,4],"1":[8,6],"2":[1,3],"3":[2,1]},"_coverageSchema":"1a1c01bbd47fc00a2c39e90264f33305004495a9","hash":"430410f014d7d1ecb48499a10fe55e6f0f7c5d4a"}
}
