TN:
SF:LinkedList.js
FN:2,(anonymous_0)
FN:6,(anonymous_1)
FN:11,(anonymous_2)
FN:21,(anonymous_3)
FN:28,(anonymous_4)
FN:32,(anonymous_5)
FN:39,(anonymous_6)
FN:50,(anonymous_7)
FN:55,(anonymous_8)
FNF:9
FNH:8
FNDA:14,(anonymous_0)
FNDA:37,(anonymous_1)
FNDA:12,(anonymous_2)
FNDA:4,(anonymous_3)
FNDA:2,(anonymous_4)
FNDA:4,(anonymous_5)
FNDA:0,(anonymous_6)
FNDA:38,(anonymous_7)
FNDA:13,(anonymous_8)
DA:3,14
DA:4,14
DA:7,37
DA:8,37
DA:9,37
DA:12,12
DA:13,6
DA:15,6
DA:16,6
DA:17,7
DA:19,6
DA:22,4
DA:23,3
DA:24,3
DA:25,1
DA:26,1
DA:29,2
DA:30,2
DA:33,4
DA:34,3
DA:35,3
DA:36,1
DA:37,1
DA:40,0
DA:41,0
DA:42,0
DA:43,0
DA:44,0
DA:46,0
DA:51,38
DA:52,38
DA:55,1
DA:56,13
DA:57,13
DA:58,34
DA:60,13
DA:62,1
LF:37
LH:31
BRDA:12,0,0,6
BRDA:12,0,1,6
BRDA:12,1,0,12
BRDA:12,1,1,9
BRDA:22,2,0,1
BRDA:22,2,1,3
BRDA:24,3,0,2
BRDA:24,3,1,1
BRDA:33,4,0,1
BRDA:33,4,1,3
BRDA:35,5,0,2
BRDA:35,5,1,1
BRF:12
BRH:12
end_of_record
